<?xml version="1.0" encoding="UTF-8"?>
<!-- Generated by org.testng.reporters.JUnitReportReporter -->
<testsuite hostname="JAYANTHVENKAT" failures="0" tests="1" name="Testing.Demo" time="47.681" errors="0" timestamp="2024-11-26T22:49:01 IST" skipped="0">
  <testcase classname="Testing.Demo" name="test1" time="47.681"/>
</testsuite> <!-- Testing.Demo -->
